<?xml version="1.0" encoding="UTF-8"?>
<testsuite xmlns:xsi="http://www.w3.org/2001/XMLSchema-instance" xsi:noNamespaceSchemaLocation="https://maven.apache.org/surefire/maven-surefire-plugin/xsd/surefire-test-report.xsd" name="TestRunner.TestRunner" time="42.693" tests="3" errors="1" skipped="0" failures="0">
  <properties>
[...]
</properties>
  <testcase name="Search For Hotels Happy Path" classname="ETSTur Hotel Search" time="18.31">
    <error message="Failed to instantiate class StepDefinitions.PaymentInformationStepDefinitions" type="io.cucumber.core.exception.CucumberException">io.cucumber.core.exception.CucumberException: Failed to instantiate class StepDefinitions.PaymentInformationStepDefinitions
Caused by: java.lang.reflect.InvocationTargetException
Caused by: org.openqa.selenium.NoSuchElementException: 
Unable to locate element: .pr-amount-total>div
For documentation on this error, please visit: https://www.seleniumhq.org/exceptions/no_such_element.html
Build info: version: '3.141.59', revision: 'e82be7d358', time: '2018-11-14T08:17:03'
System info: host: 'ARMAGANLENOVO', ip: '192.168.0.108', os.name: 'Windows 10', os.arch: 'amd64', os.version: '10.0', java.version: '1.8.0_271'
Driver info: org.openqa.selenium.firefox.FirefoxDriver
Capabilities {acceptInsecureCerts: true, browserName: firefox, browserVersion: 94.0.1, javascriptEnabled: true, moz:accessibilityChecks: false, moz:buildID: 20211103134640, moz:geckodriverVersion: 0.30.0, moz:headless: false, moz:processID: 10176, moz:profile: C:\Users\Armagan\AppData\Lo..., moz:shutdownTimeout: 60000, moz:useNonSpecCompliantPointerOrigin: false, moz:webdriverClick: true, pageLoadStrategy: normal, platform: WINDOWS, platformName: WINDOWS, platformVersion: 10.0, proxy: Proxy(), setWindowRect: true, strictFileInteractability: false, timeouts: {implicit: 0, pageLoad: 300000, script: 30000}, unhandledPromptBehavior: dismiss and notify}
Session ID: 74d89f07-1457-4f1b-8bd6-0ff0bdececfc
*** Element info: {Using=css selector, value=.pr-amount-total>div}
</error>
    <system-out><![CDATA[2021-11-07 23:19:53,674 main DEBUG Apache Log4j Core 2.14.1 initializing configuration XmlConfiguration[location=C:\Users\Armagan\IdeaProjects\ets\target\classes\log4j2.xml]
2021-11-07 23:19:53,679 main DEBUG Installed 1 script engine
2021-11-07 23:19:53,873 main DEBUG Oracle Nashorn version: 1.8.0_271, language: ECMAScript, threading: Not Thread Safe, compile: true, names: [nashorn, Nashorn, js, JS, JavaScript, javascript, ECMAScript, ecmascript], factory class: jdk.nashorn.api.scripting.NashornScriptEngineFactory
2021-11-07 23:19:53,873 main DEBUG PluginManager 'Core' found 122 plugins
2021-11-07 23:19:53,873 main DEBUG PluginManager 'Level' found 0 plugins
2021-11-07 23:19:53,877 main DEBUG PluginManager 'Lookup' found 16 plugins
2021-11-07 23:19:53,878 main DEBUG Building Plugin[name=layout, class=org.apache.logging.log4j.core.layout.PatternLayout].
2021-11-07 23:19:53,889 main DEBUG PluginManager 'TypeConverter' found 26 plugins
2021-11-07 23:19:53,899 main DEBUG PatternLayout$Builder(pattern="%d{HH:mm:ss.SSS} [%t] %-5level %logger{36} - %msg%n", PatternSelector=null, Configuration(C:\Users\Armagan\IdeaProjects\ets\target\classes\log4j2.xml), Replace=null, charset="null", alwaysWriteExceptions="null", disableAnsi="null", noConsoleNoAnsi="null", header="null", footer="null")
2021-11-07 23:19:53,899 main DEBUG PluginManager 'Converter' found 44 plugins
2021-11-07 23:19:53,900 main DEBUG Building Plugin[name=appender, class=org.apache.logging.log4j.core.appender.ConsoleAppender].
2021-11-07 23:19:53,906 main DEBUG ConsoleAppender$Builder(target="SYSTEM_OUT", follow="null", direct="null", bufferedIo="null", bufferSize="null", immediateFlush="null", ignoreExceptions="null", PatternLayout(%d{HH:mm:ss.SSS} [%t] %-5level %logger{36} - %msg%n), name="Console", Configuration(C:\Users\Armagan\IdeaProjects\ets\target\classes\log4j2.xml), Filter=null, ={})
2021-11-07 23:19:53,907 main DEBUG Starting OutputStreamManager SYSTEM_OUT.false.false
2021-11-07 23:19:53,907 main DEBUG Building Plugin[name=layout, class=org.apache.logging.log4j.core.layout.PatternLayout].
2021-11-07 23:19:53,908 main DEBUG PatternLayout$Builder(pattern="%d{yyy-MM-dd HH:mm:ss.SSS} [%t] %-5level %logger{36} - %msg%n", PatternSelector=null, Configuration(C:\Users\Armagan\IdeaProjects\ets\target\classes\log4j2.xml), Replace=null, charset="null", alwaysWriteExceptions="null", disableAnsi="null", noConsoleNoAnsi="null", header="null", footer="null")
2021-11-07 23:19:53,919 main DEBUG Building Plugin[name=appender, class=org.apache.logging.log4j.core.appender.FileAppender].
2021-11-07 23:19:53,921 main DEBUG FileAppender$Builder(fileName="logs/test.log", append="true", locking="null", advertise="null", advertiseUri="null", createOnDemand="null", filePermissions="null", fileOwner="null", fileGroup="null", bufferedIo="null", bufferSize="null", immediateFlush="false", ignoreExceptions="null", PatternLayout(%d{yyy-MM-dd HH:mm:ss.SSS} [%t] %-5level %logger{36} - %msg%n), name="MyFile", Configuration(C:\Users\Armagan\IdeaProjects\ets\target\classes\log4j2.xml), Filter=null, ={})
2021-11-07 23:19:53,923 main DEBUG Starting FileManager logs/test.log
2021-11-07 23:19:53,924 main DEBUG Building Plugin[name=appenders, class=org.apache.logging.log4j.core.config.AppendersPlugin].
2021-11-07 23:19:53,924 main DEBUG createAppenders(={Console, MyFile})
2021-11-07 23:19:53,924 main DEBUG Building Plugin[name=AppenderRef, class=org.apache.logging.log4j.core.config.AppenderRef].
2021-11-07 23:19:53,927 main DEBUG createAppenderRef(ref="Console", level="null", Filter=null)
2021-11-07 23:19:53,927 main DEBUG Building Plugin[name=AppenderRef, class=org.apache.logging.log4j.core.config.AppenderRef].
2021-11-07 23:19:53,928 main DEBUG createAppenderRef(ref="MyFile", level="null", Filter=null)
2021-11-07 23:19:53,928 main DEBUG Building Plugin[name=root, class=org.apache.logging.log4j.core.config.LoggerConfig$RootLogger].
2021-11-07 23:19:53,929 main DEBUG createLogger(additivity="null", level="DEBUG", includeLocation="null", ={Console, MyFile}, ={}, Configuration(C:\Users\Armagan\IdeaProjects\ets\target\classes\log4j2.xml), Filter=null)
2021-11-07 23:19:53,931 main DEBUG Building Plugin[name=loggers, class=org.apache.logging.log4j.core.config.LoggersPlugin].
2021-11-07 23:19:53,932 main DEBUG createLoggers(={root})
2021-11-07 23:19:53,932 main DEBUG Configuration XmlConfiguration[location=C:\Users\Armagan\IdeaProjects\ets\target\classes\log4j2.xml] initialized
2021-11-07 23:19:53,932 main DEBUG Starting configuration XmlConfiguration[location=C:\Users\Armagan\IdeaProjects\ets\target\classes\log4j2.xml]
2021-11-07 23:19:53,933 main DEBUG Started configuration XmlConfiguration[location=C:\Users\Armagan\IdeaProjects\ets\target\classes\log4j2.xml] OK.
2021-11-07 23:19:53,934 main DEBUG Shutting down OutputStreamManager SYSTEM_OUT.false.false-1
2021-11-07 23:19:53,934 main DEBUG OutputStream closed
2021-11-07 23:19:53,934 main DEBUG Shut down OutputStreamManager SYSTEM_OUT.false.false-1, all resources released: true
2021-11-07 23:19:53,934 main DEBUG Appender DefaultConsole-1 stopped with status true
2021-11-07 23:19:53,935 main DEBUG Stopped org.apache.logging.log4j.core.config.DefaultConfiguration@19fe4644 OK
2021-11-07 23:19:54,007 main DEBUG Registering MBean org.apache.logging.log4j2:type=330bedb4
2021-11-07 23:19:54,013 main DEBUG Registering MBean org.apache.logging.log4j2:type=330bedb4,component=StatusLogger
2021-11-07 23:19:54,014 main DEBUG Registering MBean org.apache.logging.log4j2:type=330bedb4,component=ContextSelector
2021-11-07 23:19:54,018 main DEBUG Registering MBean org.apache.logging.log4j2:type=330bedb4,component=Loggers,name=
2021-11-07 23:19:54,020 main DEBUG Registering MBean org.apache.logging.log4j2:type=330bedb4,component=Appenders,name=Console
2021-11-07 23:19:54,021 main DEBUG Registering MBean org.apache.logging.log4j2:type=330bedb4,component=Appenders,name=MyFile
2021-11-07 23:19:54,023 main DEBUG org.apache.logging.log4j.core.util.SystemClock does not support precise timestamps.
2021-11-07 23:19:54,024 main DEBUG Reconfiguration complete for context[name=330bedb4] at URI C:\Users\Armagan\IdeaProjects\ets\target\classes\log4j2.xml (org.apache.logging.log4j.core.LoggerContext@61533ae) with optional ClassLoader: null
2021-11-07 23:19:54,024 main DEBUG Shutdown hook enabled. Registering a new one.
2021-11-07 23:19:54,026 main DEBUG LoggerContext[name=330bedb4, org.apache.logging.log4j.core.LoggerContext@61533ae] started OK.
23:19:56.422 [main] INFO  Pages.HomePage - HomePage : etstur.com opened
23:19:57.475 [main] INFO  Pages.HomePage - HomePage : hotel button click
23:19:58.404 [main] INFO  Pages.HotelsPage - HotelsPage : typed-> Antalya selected-> Antalya Otelleri
23:19:58.663 [main] INFO  Pages.HotelsPage - HotelsPage : clicked date field
23:19:58.722 [main] INFO  Pages.HotelsPage - HotelsPage : Last Date Of First Month(Left Column): 30
23:19:58.753 [main] INFO  Pages.HotelsPage - HotelsPage : Last Date Of Second Month(Right Column): 31
23:19:58.781 [main] INFO  Pages.HotelsPage - HotelsPage : Todays Date: 7
23:19:58.781 [main] INFO  Pages.HotelsPage - HotelsPage : Random check-in date: 18
23:19:59.040 [main] INFO  Pages.HotelsPage - HotelsPage : Random check-in date selected
23:19:59.041 [main] INFO  Pages.HotelsPage - HotelsPage : Random check-out date from right column: 6
23:19:59.305 [main] INFO  Pages.HotelsPage - HotelsPage : Random check-out date selected from right column: 6
23:19:59.305 [main] INFO  Pages.HotelsPage - HotelsPage : User Adult Count: 2 User Child Count: 2
23:19:59.555 [main] INFO  Pages.HotelsPage - HotelsPage : Clicked guests field
23:19:59.591 [main] INFO  Pages.HotelsPage - HotelsPage : Default number of adults selected : 2
23:19:59.623 [main] INFO  Pages.HotelsPage - HotelsPage : Default number of child selected : 0
23:19:59.623 [main] INFO  Pages.HotelsPage - HotelsPage : Waiting for adult error message to be invisible 
23:19:59.658 [main] INFO  Pages.HotelsPage - HotelsPage : Adult error message is invisible 
23:19:59.901 [main] INFO  Pages.HotelsPage - HotelsPage : Child Guest Plus Button Clicked 
23:19:59.901 [main] INFO  Pages.HotelsPage - HotelsPage : Waiting for adult error message to be invisible 
23:19:59.940 [main] INFO  Pages.HotelsPage - HotelsPage : Adult error message is invisible 
23:20:00.182 [main] INFO  Pages.HotelsPage - HotelsPage : Child Guest Plus Button Clicked 
23:20:00.183 [main] INFO  Pages.HotelsPage - HotelsPage : Generating random ages for child/children
23:20:00.217 [main] INFO  Pages.HotelsPage - HotelsPage : Age generated : 16
23:20:00.492 [main] INFO  Pages.HotelsPage - HotelsPage : Age generated : 9
23:20:02.491 [main] INFO  Pages.HotelsPage - HotelsPage : Search hotel button clicked
23:20:04.376 [main] INFO  Pages.ResultsPage - ResultsPage : clicked number 1 hotel
23:20:06.168 [main] INFO  Pages.HotelDetailsPage - HotelDetailsPage : number 1 room selected
]]></system-out>
    <system-err><![CDATA[1636316388613	geckodriver	INFO	Listening on 127.0.0.1:46085
1636316389309	mozrunner::runner	INFO	Running command: "C:\\Program Files\\Mozilla Firefox\\firefox.exe" "--marionette" "-no-remote" "-profile" "C:\\Users\\Armagan\\AppData\\Local\\Temp\\rust_mozprofilekBV2uV"
1636316390750	Marionette	INFO	Marionette enabled
console.warn: SearchSettings: "get: No settings file exists, new profile?" (new NotFoundError("Could not open the file at C:\\Users\\Armagan\\AppData\\Local\\Temp\\rust_mozprofilekBV2uV\\search.json.mozlz4", (void 0)))
1636316392836	Marionette	INFO	Listening on port 52302
1636316393010	RemoteAgent	WARN	TLS certificate errors will be ignored for this session
Kas 07, 2021 11:19:53 PM org.openqa.selenium.remote.ProtocolHandshake createSession
INFO: Detected dialect: W3C
]]></system-err>
  </testcase>
  <testcase name="More Than 2 Child" classname="ETSTur Hotel Search" time="11.406"/>
  <testcase name="More Than 6 Adult" classname="ETSTur Hotel Search" time="12.329"/>
</testsuite>